<?xml version="1.0" encoding="UTF-8"?>
<!-- Generated by org.testng.reporters.JUnitReportReporter -->
<testsuite skipped="0" hostname="MICHAPRU01" name="tests.TestsToDo" tests="1" failures="0" timestamp="24 Feb 2020 10:55:25 GMT" time="52.539" errors="0">
  <testcase name="toDoApp" time="52.539" classname="tests.TestsToDo"/>
</testsuite> <!-- tests.TestsToDo -->
