<?xml version="1.0" encoding="UTF-8"?>
<!-- Generated by org.testng.reporters.JUnitReportReporter -->
<testsuite skipped="0" hostname="MICHAPRU01" name="tests.TestsToDo" tests="1" failures="0" timestamp="23 Dec 2019 11:20:06 GMT" time="48.679" errors="0">
  <testcase name="toDoApp" time="48.679" classname="tests.TestsToDo"/>
</testsuite> <!-- tests.TestsToDo -->
