<?xml version="1.0" encoding="UTF-8"?>
<!-- Generated by org.testng.reporters.JUnitReportReporter -->
<testsuite skipped="0" hostname="MICHAPRU01" name="tests.TestPowerAutomate" tests="1" failures="0" timestamp="23 Dec 2019 14:47:35 GMT" time="63.437" errors="0">
  <testcase name="createNewFlow" time="63.437" classname="tests.TestPowerAutomate"/>
</testsuite> <!-- tests.TestPowerAutomate -->
