<?xml version="1.0" encoding="UTF-8"?>
<!-- Generated by org.testng.reporters.JUnitReportReporter -->
<testsuite skipped="0" hostname="MICHAPRU01" name="tests.TestFormViaTeams" tests="1" failures="0" timestamp="23 Dec 2019 11:20:06 GMT" time="71.164" errors="0">
  <testcase name="addFormsViaTeams" time="71.164" classname="tests.TestFormViaTeams"/>
</testsuite> <!-- tests.TestFormViaTeams -->
