<?xml version="1.0" encoding="UTF-8"?>
<!-- Generated by org.testng.reporters.JUnitReportReporter -->
<testsuite skipped="4" hostname="MICHAPRU01" name="tests.TestTeamsChannelPage" tests="7" failures="0" timestamp="26 Dec 2019 08:49:45 GMT" time="220.523" errors="0">
  <testcase name="createNewTeam" time="86.340" classname="tests.TestTeamsChannelPage"/>
  <testcase name="checkNewTeam" time="61.487" classname="tests.TestTeamsChannelPage"/>
  <testcase name="addNewMeeting" time="72.696" classname="tests.TestTeamsChannelPage"/>
  <testcase name="addNewFlow" classname="tests.TestTeamsChannelPage">
    <skipped/>
  </testcase> <!-- addNewFlow -->
  <testcase name="addNewTabWeb" classname="tests.TestTeamsChannelPage">
    <skipped/>
  </testcase> <!-- addNewTabWeb -->
  <testcase name="chatAttachmentOneDrive" classname="tests.TestTeamsChannelPage">
    <skipped/>
  </testcase> <!-- chatAttachmentOneDrive -->
  <testcase name="setStatusInTeams" classname="tests.TestTeamsChannelPage">
    <skipped/>
  </testcase> <!-- setStatusInTeams -->
</testsuite> <!-- tests.TestTeamsChannelPage -->
