<?xml version="1.0" encoding="UTF-8"?>
<!-- Generated by org.testng.reporters.JUnitReportReporter -->
<testsuite skipped="0" hostname="MICHAPRU01" name="tests.TestDelve" tests="1" failures="0" timestamp="02 Jun 2020 07:57:25 GMT" time="45.845" errors="0">
  <testcase name="delveAndMembersValidation" time="45.845" classname="tests.TestDelve"/>
</testsuite> <!-- tests.TestDelve -->
