<?xml version="1.0" encoding="UTF-8"?>
<!-- Generated by org.testng.reporters.JUnitReportReporter -->
<testsuite skipped="0" hostname="MICHAPRU01" name="tests.TestPlanner" tests="1" failures="0" timestamp="23 Dec 2019 11:20:06 GMT" time="58.836" errors="0">
  <testcase name="creationAndVerificationOfNewPlan" time="58.836" classname="tests.TestPlanner"/>
</testsuite> <!-- tests.TestPlanner -->
