<?xml version="1.0" encoding="UTF-8"?>
<!-- Generated by org.testng.reporters.JUnitReportReporter -->
<testsuite skipped="0" hostname="MICHAPRU01" name="tests.TestForms" tests="1" failures="0" timestamp="07 Jan 2020 12:10:40 GMT" time="20.732" errors="0">
  <testcase name="formsMainFunctionality" time="20.732" classname="tests.TestForms"/>
</testsuite> <!-- tests.TestForms -->
