<?xml version="1.0" encoding="UTF-8"?>
<!-- Generated by org.testng.reporters.JUnitReportReporter -->
<testsuite skipped="1" hostname="MICHAPRU01" name="tests.TestOneDrive" tests="3" failures="0" timestamp="27 Jan 2020 10:12:03 GMT" time="118.941" errors="0">
  <testcase name="uploadNewFolderOneDrive" time="60.646" classname="tests.TestOneDrive"/>
  <testcase name="uploadNewFileOneDrive" time="58.295" classname="tests.TestOneDrive"/>
  <testcase name="createNewExcelWorkbook" classname="tests.TestOneDrive">
    <skipped/>
  </testcase> <!-- createNewExcelWorkbook -->
</testsuite> <!-- tests.TestOneDrive -->
