<?xml version="1.0" encoding="UTF-8"?>
<!-- Generated by org.testng.reporters.JUnitReportReporter -->
<testsuite skipped="0" hostname="MICHAPRU01" name="tests.TestForms" tests="1" failures="0" timestamp="26 Dec 2019 08:49:45 GMT" time="55.382" errors="0">
  <testcase name="formsMainFunctionality" time="55.382" classname="tests.TestForms"/>
</testsuite> <!-- tests.TestForms -->
