<?xml version="1.0" encoding="UTF-8"?>
<!-- Generated by org.testng.reporters.JUnitReportReporter -->
<testsuite skipped="4" hostname="MICHAPRU01" name="tests.TestTeamsChannelPage" tests="7" failures="0" timestamp="29 Dec 2019 08:40:55 GMT" time="200.600" errors="0">
  <testcase name="createNewTeam" time="81.285" classname="tests.TestTeamsChannelPage"/>
  <testcase name="checkNewTeam" time="58.115" classname="tests.TestTeamsChannelPage"/>
  <testcase name="addNewMeeting" time="61.200" classname="tests.TestTeamsChannelPage"/>
  <testcase name="addNewFlow" classname="tests.TestTeamsChannelPage">
    <skipped/>
  </testcase> <!-- addNewFlow -->
  <testcase name="addNewTabWeb" classname="tests.TestTeamsChannelPage">
    <skipped/>
  </testcase> <!-- addNewTabWeb -->
  <testcase name="chatAttachmentOneDrive" classname="tests.TestTeamsChannelPage">
    <skipped/>
  </testcase> <!-- chatAttachmentOneDrive -->
  <testcase name="setStatusInTeams" classname="tests.TestTeamsChannelPage">
    <skipped/>
  </testcase> <!-- setStatusInTeams -->
</testsuite> <!-- tests.TestTeamsChannelPage -->
