<?xml version="1.0" encoding="UTF-8"?>
<!-- Generated by org.testng.reporters.JUnitReportReporter -->
<testsuite skipped="0" hostname="MICHAPRU01" name="desktop.config" tests="1" failures="0" timestamp="02 Jan 2020 09:22:17 GMT" time="17.705" errors="0">
  <testcase name="createNewAmdocsMeeting" time="17.705" classname="desktop.config"/>
</testsuite> <!-- desktop.config -->
