<?xml version="1.0" encoding="UTF-8"?>
<!-- Generated by org.testng.reporters.JUnitReportReporter -->
<testsuite skipped="0" hostname="MICHAPRU01" name="tests.TestForms" tests="1" failures="0" timestamp="02 Nov 2020 13:37:00 GMT" time="50.233" errors="0">
  <testcase name="formsMainFunctionality" time="50.233" classname="tests.TestForms"/>
</testsuite> <!-- tests.TestForms -->
