<?xml version="1.0" encoding="UTF-8"?>
<!-- Generated by org.testng.reporters.JUnitReportReporter -->
<testsuite skipped="0" hostname="MICHAPRU01" name="tests.TestPlanner" tests="1" failures="0" timestamp="14 Jan 2020 14:33:29 GMT" time="61.900" errors="0">
  <testcase name="creationAndVerificationOfNewPlan" time="61.900" classname="tests.TestPlanner"/>
</testsuite> <!-- tests.TestPlanner -->
