<?xml version="1.0" encoding="UTF-8"?>
<!-- Generated by org.testng.reporters.JUnitReportReporter -->
<testsuite skipped="0" hostname="MICHAPRU01" name="tests.TestsToDo" tests="1" failures="0" timestamp="26 Dec 2019 08:49:45 GMT" time="52.233" errors="0">
  <testcase name="toDoApp" time="52.233" classname="tests.TestsToDo"/>
</testsuite> <!-- tests.TestsToDo -->
