<?xml version="1.0" encoding="UTF-8"?>
<!-- Generated by org.testng.reporters.JUnitReportReporter -->
<testsuite skipped="0" hostname="MICHAPRU01" name="tests.TestsToDo" tests="1" failures="0" timestamp="02 Jun 2020 11:03:22 GMT" time="39.669" errors="0">
  <testcase name="toDoApp" time="39.669" classname="tests.TestsToDo"/>
</testsuite> <!-- tests.TestsToDo -->
