<?xml version="1.0" encoding="UTF-8"?>
<!-- Generated by org.testng.reporters.JUnitReportReporter -->
<testsuite skipped="1" hostname="MICHAPRU01" name="desktop.tests.TestOutlookDesktop" tests="2" failures="0" timestamp="02 Nov 2020 10:55:51 GMT" time="63.384" errors="0">
  <testcase name="createTeamsMeetingViaOutlook" time="63.384" classname="desktop.tests.TestOutlookDesktop"/>
  <testcase name="openMailFromTheMailList" classname="desktop.tests.TestOutlookDesktop">
    <skipped/>
  </testcase> <!-- openMailFromTheMailList -->
</testsuite> <!-- desktop.tests.TestOutlookDesktop -->
