<?xml version="1.0" encoding="UTF-8"?>
<!-- Generated by org.testng.reporters.JUnitReportReporter -->
<testsuite skipped="0" hostname="MICHAPRU01" name="tests.TestOutlook" tests="1" failures="0" timestamp="02 Nov 2020 12:27:49 GMT" time="58.034" errors="0">
  <testcase name="createNewTeamsMeetingOutlookWeb" time="58.034" classname="tests.TestOutlook"/>
</testsuite> <!-- tests.TestOutlook -->
