<?xml version="1.0" encoding="UTF-8"?>
<!-- Generated by org.testng.reporters.JUnitReportReporter -->
<testsuite skipped="2" hostname="MICHAPRU01" name="desktop.tests.TestOutlookDesktop" tests="3" failures="0" timestamp="06 Jan 2020 09:49:17 GMT" time="45.096" errors="0">
  <testcase name="createNewMessage" time="45.096" classname="desktop.tests.TestOutlookDesktop"/>
  <testcase name="createNewAmdocsMeeting" classname="desktop.tests.TestOutlookDesktop">
    <skipped/>
  </testcase> <!-- createNewAmdocsMeeting -->
  <testcase name="createNewMeeting" classname="desktop.tests.TestOutlookDesktop">
    <skipped/>
  </testcase> <!-- createNewMeeting -->
</testsuite> <!-- desktop.tests.TestOutlookDesktop -->
