<?xml version="1.0" encoding="UTF-8"?>
<!-- Generated by org.testng.reporters.JUnitReportReporter -->
<testsuite skipped="0" hostname="MICHAPRU01" name="tests.TestOutlook" tests="1" failures="0" timestamp="29 Dec 2019 10:58:35 GMT" time="45.178" errors="0">
  <testcase name="sendMessageWeb" time="45.178" classname="tests.TestOutlook"/>
</testsuite> <!-- tests.TestOutlook -->
