<?xml version="1.0" encoding="UTF-8"?>
<!-- Generated by org.testng.reporters.JUnitReportReporter -->
<testsuite skipped="1" hostname="MICHAPRU01" name="desktop.tests.TestOneDriveDesktop" tests="2" failures="0" timestamp="16 Jan 2020 13:35:58 GMT" time="17.524" errors="0">
  <testcase name="addEntityToTheFolder" time="17.524" classname="desktop.tests.TestOneDriveDesktop"/>
  <testcase name="checkOneDriveDesktop" classname="desktop.tests.TestOneDriveDesktop">
    <skipped/>
  </testcase> <!-- checkOneDriveDesktop -->
</testsuite> <!-- desktop.tests.TestOneDriveDesktop -->
