<?xml version="1.0" encoding="UTF-8"?>
<!-- Generated by org.testng.reporters.JUnitReportReporter -->
<testsuite skipped="1" hostname="MICHAPRU01" name="tests.TestOneDrive" tests="3" failures="0" timestamp="12 Jan 2020 13:03:30 GMT" time="119.675" errors="0">
  <testcase name="uploadNewFolderOneDrive" time="60.701" classname="tests.TestOneDrive"/>
  <testcase name="uploadNewFileOneDrive" time="58.974" classname="tests.TestOneDrive"/>
  <testcase name="createNewExcelWorkbook" classname="tests.TestOneDrive">
    <skipped/>
  </testcase> <!-- createNewExcelWorkbook -->
</testsuite> <!-- tests.TestOneDrive -->
