<?xml version="1.0" encoding="UTF-8"?>
<!-- Generated by org.testng.reporters.JUnitReportReporter -->
<testsuite skipped="0" hostname="MICHAPRU01" name="tests.TestPlannerViaTeams" tests="1" failures="0" timestamp="05 Jan 2020 12:42:24 GMT" time="73.748" errors="0">
  <testcase name="addPlannerViaTeams" time="73.748" classname="tests.TestPlannerViaTeams"/>
</testsuite> <!-- tests.TestPlannerViaTeams -->
