<?xml version="1.0" encoding="UTF-8"?>
<!-- Generated by org.testng.reporters.JUnitReportReporter -->
<testsuite skipped="0" hostname="MICHAPRU01" name="desktop.tests.TestOutlookDesktop" tests="1" failures="0" timestamp="02 Jan 2020 13:45:54 GMT" time="86.658" errors="0">
  <testcase name="createNewAmdocsMeeting" time="86.658" classname="desktop.tests.TestOutlookDesktop"/>
</testsuite> <!-- desktop.tests.TestOutlookDesktop -->
