<?xml version="1.0" encoding="UTF-8"?>
<!-- Generated by org.testng.reporters.JUnitReportReporter -->
<testsuite skipped="0" hostname="MICHAPRU01" name="tests.TestPowerAutomate" tests="1" failures="0" timestamp="27 Jan 2020 10:12:03 GMT" time="65.871" errors="0">
  <testcase name="createNewFlow" time="65.871" classname="tests.TestPowerAutomate"/>
</testsuite> <!-- tests.TestPowerAutomate -->
