<?xml version="1.0" encoding="UTF-8"?>
<!-- Generated by org.testng.reporters.JUnitReportReporter -->
<testsuite skipped="4" hostname="MICHAPRU01" name="tests.TestTeamsChannelPage" tests="6" failures="0" timestamp="24 Dec 2019 15:01:45 GMT" time="124.683" errors="0">
  <testcase name="createNewTeam" time="70.710" classname="tests.TestTeamsChannelPage"/>
  <testcase name="checkNewTeam" time="53.973" classname="tests.TestTeamsChannelPage"/>
  <testcase name="addNewFlow" classname="tests.TestTeamsChannelPage">
    <skipped/>
  </testcase> <!-- addNewFlow -->
  <testcase name="addNewTabWeb" classname="tests.TestTeamsChannelPage">
    <skipped/>
  </testcase> <!-- addNewTabWeb -->
  <testcase name="chatAttachmentOneDrive" classname="tests.TestTeamsChannelPage">
    <skipped/>
  </testcase> <!-- chatAttachmentOneDrive -->
  <testcase name="setStatusInTeams" classname="tests.TestTeamsChannelPage">
    <skipped/>
  </testcase> <!-- setStatusInTeams -->
</testsuite> <!-- tests.TestTeamsChannelPage -->
