<?xml version="1.0" encoding="UTF-8"?>
<!-- Generated by org.testng.reporters.JUnitReportReporter -->
<testsuite skipped="0" hostname="MICHAPRU01" name="tests.TestsToDo" tests="1" failures="0" timestamp="07 Jan 2020 12:10:40 GMT" time="59.788" errors="0">
  <testcase name="toDoApp" time="59.788" classname="tests.TestsToDo"/>
</testsuite> <!-- tests.TestsToDo -->
