<?xml version="1.0" encoding="UTF-8"?>
<!-- Generated by org.testng.reporters.JUnitReportReporter -->
<testsuite skipped="0" hostname="MICHAPRU01" name="tests.TestsToDo" tests="1" failures="0" timestamp="27 Jan 2020 10:12:03 GMT" time="56.573" errors="0">
  <testcase name="toDoApp" time="56.573" classname="tests.TestsToDo"/>
</testsuite> <!-- tests.TestsToDo -->
