<?xml version="1.0" encoding="UTF-8"?>
<!-- Generated by org.testng.reporters.JUnitReportReporter -->
<testsuite skipped="4" hostname="MICHAPRU01" name="tests.TestTeamsChannelPage" tests="6" failures="0" timestamp="19 Dec 2019 12:37:42 GMT" time="122.654" errors="0">
  <testcase name="createNewTeam" time="69.128" classname="tests.TestTeamsChannelPage"/>
  <testcase name="deleteNewTeam" time="53.526" classname="tests.TestTeamsChannelPage"/>
  <testcase name="addNewFlow" classname="tests.TestTeamsChannelPage">
    <skipped/>
  </testcase> <!-- addNewFlow -->
  <testcase name="addNewTabWeb" classname="tests.TestTeamsChannelPage">
    <skipped/>
  </testcase> <!-- addNewTabWeb -->
  <testcase name="chatAttachmentOneDrive" classname="tests.TestTeamsChannelPage">
    <skipped/>
  </testcase> <!-- chatAttachmentOneDrive -->
  <testcase name="setStatusInTeams" classname="tests.TestTeamsChannelPage">
    <skipped/>
  </testcase> <!-- setStatusInTeams -->
</testsuite> <!-- tests.TestTeamsChannelPage -->
