<?xml version="1.0" encoding="UTF-8"?>
<!-- Generated by org.testng.reporters.JUnitReportReporter -->
<testsuite skipped="1" hostname="MICHAPRU01" name="desktop.tests.TestOutlookDesktop" tests="4" failures="0" timestamp="10 Feb 2020 14:03:41 GMT" time="221.661" errors="0">
  <testcase name="createReoccurringMeeting" time="51.563" classname="desktop.tests.TestOutlookDesktop"/>
  <testcase name="checkBeforeConnectionNewRecMeetingIDAvaya" time="99.844" classname="desktop.tests.TestOutlookDesktop"/>
  <testcase name="checkBeforeConnectionNewRecMeetingIDPolycom" time="70.254" classname="desktop.tests.TestOutlookDesktop"/>
  <testcase name="openMailFromTheMailList" classname="desktop.tests.TestOutlookDesktop">
    <skipped/>
  </testcase> <!-- openMailFromTheMailList -->
</testsuite> <!-- desktop.tests.TestOutlookDesktop -->
