<?xml version="1.0" encoding="UTF-8"?>
<!-- Generated by org.testng.reporters.JUnitReportReporter -->
<testsuite skipped="0" hostname="MICHAPRU01" name="tests.TestFormViaTeams" tests="1" failures="0" timestamp="26 Dec 2019 08:49:45 GMT" time="75.744" errors="0">
  <testcase name="addFormsViaTeams" time="75.744" classname="tests.TestFormViaTeams"/>
</testsuite> <!-- tests.TestFormViaTeams -->
