<?xml version="1.0" encoding="UTF-8"?>
<!-- Generated by org.testng.reporters.JUnitReportReporter -->
<testsuite skipped="0" hostname="MICHAPRU01" name="tests.TestOutlook" tests="1" failures="0" timestamp="01 Jan 2020 11:57:56 GMT" time="56.950" errors="0">
  <testcase name="createNewMeeting" time="56.950" classname="tests.TestOutlook"/>
</testsuite> <!-- tests.TestOutlook -->
