<?xml version="1.0" encoding="UTF-8"?>
<!-- Generated by org.testng.reporters.JUnitReportReporter -->
<testsuite skipped="0" hostname="MICHAPRU01" name="tests.TestsToDo" tests="1" failures="0" timestamp="29 Dec 2019 08:40:55 GMT" time="49.613" errors="0">
  <testcase name="toDoApp" time="49.613" classname="tests.TestsToDo"/>
</testsuite> <!-- tests.TestsToDo -->
