<?xml version="1.0" encoding="UTF-8"?>
<!-- Generated by org.testng.reporters.JUnitReportReporter -->
<testsuite skipped="3" hostname="MICHAPRU01" name="tests.TestTeamsChannelPage" tests="6" failures="0" timestamp="07 Jan 2020 12:10:40 GMT" time="195.640" errors="0">
  <testcase name="createNewTeam" time="70.394" classname="tests.TestTeamsChannelPage"/>
  <testcase name="checkNewTeam" time="67.523" classname="tests.TestTeamsChannelPage"/>
  <testcase name="addNewMeeting" time="57.723" classname="tests.TestTeamsChannelPage"/>
  <testcase name="addNewFlow" classname="tests.TestTeamsChannelPage">
    <skipped/>
  </testcase> <!-- addNewFlow -->
  <testcase name="chatAttachmentOneDrive" classname="tests.TestTeamsChannelPage">
    <skipped/>
  </testcase> <!-- chatAttachmentOneDrive -->
  <testcase name="setStatusInTeams" classname="tests.TestTeamsChannelPage">
    <skipped/>
  </testcase> <!-- setStatusInTeams -->
</testsuite> <!-- tests.TestTeamsChannelPage -->
