<?xml version="1.0" encoding="UTF-8"?>
<!-- Generated by org.testng.reporters.JUnitReportReporter -->
<testsuite skipped="0" hostname="MICHAPRU01" name="tests.TestPlanner" tests="1" failures="0" timestamp="02 Nov 2020 12:00:05 GMT" time="66.493" errors="0">
  <testcase name="creationAndVerificationOfNewPlan" time="66.493" classname="tests.TestPlanner"/>
</testsuite> <!-- tests.TestPlanner -->
