<?xml version="1.0" encoding="UTF-8"?>
<!-- Generated by org.testng.reporters.JUnitReportReporter -->
<testsuite skipped="1" hostname="MICHAPRU01" name="tests.TestOneDrive" tests="2" failures="0" timestamp="26 Dec 2019 08:49:45 GMT" time="52.910" errors="0">
  <testcase name="addNewFolderOneDrive" time="52.910" classname="tests.TestOneDrive"/>
  <testcase name="createNewExcelWorkbook" classname="tests.TestOneDrive">
    <skipped/>
  </testcase> <!-- createNewExcelWorkbook -->
</testsuite> <!-- tests.TestOneDrive -->
