<?xml version="1.0" encoding="UTF-8"?>
<!-- Generated by org.testng.reporters.JUnitReportReporter -->
<testsuite skipped="3" hostname="MICHAPRU01" name="tests.TestTeamsChannelPage" tests="4" failures="0" timestamp="19 Oct 2020 08:03:27 GMT" time="99.820" errors="0">
  <testcase name="createNewTeam" time="99.820" classname="tests.TestTeamsChannelPage"/>
  <testcase name="chatAttachmentOneDrive" classname="tests.TestTeamsChannelPage">
    <skipped/>
  </testcase> <!-- chatAttachmentOneDrive -->
  <testcase name="setStatusInTeams" classname="tests.TestTeamsChannelPage">
    <skipped/>
  </testcase> <!-- setStatusInTeams -->
  <testcase name="createNewPrivateTeam" classname="tests.TestTeamsChannelPage">
    <skipped/>
  </testcase> <!-- createNewPrivateTeam -->
</testsuite> <!-- tests.TestTeamsChannelPage -->
