<?xml version="1.0" encoding="UTF-8"?>
<!-- Generated by org.testng.reporters.JUnitReportReporter -->
<testsuite skipped="0" hostname="MICHAPRU01" name="tests.TestForms" tests="1" failures="0" timestamp="23 Dec 2019 11:20:06 GMT" time="52.857" errors="0">
  <testcase name="formsMainFunctionality" time="52.857" classname="tests.TestForms"/>
</testsuite> <!-- tests.TestForms -->
