<?xml version="1.0" encoding="UTF-8"?>
<!-- Generated by org.testng.reporters.JUnitReportReporter -->
<testsuite skipped="1" hostname="MICHAPRU01" name="tests.TestOneDrive" tests="2" failures="0" timestamp="23 Dec 2019 15:29:12 GMT" time="50.171" errors="0">
  <testcase name="addNewFolderOneDrive" time="50.171" classname="tests.TestOneDrive"/>
  <testcase name="createNewExcelWorkbook" classname="tests.TestOneDrive">
    <skipped/>
  </testcase> <!-- createNewExcelWorkbook -->
</testsuite> <!-- tests.TestOneDrive -->
