<?xml version="1.0" encoding="UTF-8"?>
<!-- Generated by org.testng.reporters.JUnitReportReporter -->
<testsuite skipped="4" hostname="MICHAPRU01" name="tests.TestTeamsChannelPage" tests="7" failures="0" timestamp="27 Jan 2020 10:12:03 GMT" time="184.269" errors="0">
  <testcase name="createNewTeam" time="70.102" classname="tests.TestTeamsChannelPage"/>
  <testcase name="checkNewTeam" time="55.832" classname="tests.TestTeamsChannelPage"/>
  <testcase name="addNewMeeting" time="58.335" classname="tests.TestTeamsChannelPage"/>
  <testcase name="addNewFlow" classname="tests.TestTeamsChannelPage">
    <skipped/>
  </testcase> <!-- addNewFlow -->
  <testcase name="chatAttachmentOneDrive" classname="tests.TestTeamsChannelPage">
    <skipped/>
  </testcase> <!-- chatAttachmentOneDrive -->
  <testcase name="setStatusInTeams" classname="tests.TestTeamsChannelPage">
    <skipped/>
  </testcase> <!-- setStatusInTeams -->
  <testcase name="createNewPrivateTeam" classname="tests.TestTeamsChannelPage">
    <skipped/>
  </testcase> <!-- createNewPrivateTeam -->
</testsuite> <!-- tests.TestTeamsChannelPage -->
