<?xml version="1.0" encoding="UTF-8"?>
<!-- Generated by org.testng.reporters.JUnitReportReporter -->
<testsuite skipped="3" hostname="MICHAPRU01" name="tests.TestTeamsChannelPage" tests="6" failures="0" timestamp="12 Jan 2020 13:03:30 GMT" time="193.349" errors="0">
  <testcase name="checkNewTeam" time="55.443" classname="tests.TestTeamsChannelPage"/>
  <testcase name="createNewTeam" time="75.896" classname="tests.TestTeamsChannelPage"/>
  <testcase name="addNewMeeting" time="62.010" classname="tests.TestTeamsChannelPage"/>
  <testcase name="addNewFlow" classname="tests.TestTeamsChannelPage">
    <skipped/>
  </testcase> <!-- addNewFlow -->
  <testcase name="chatAttachmentOneDrive" classname="tests.TestTeamsChannelPage">
    <skipped/>
  </testcase> <!-- chatAttachmentOneDrive -->
  <testcase name="setStatusInTeams" classname="tests.TestTeamsChannelPage">
    <skipped/>
  </testcase> <!-- setStatusInTeams -->
</testsuite> <!-- tests.TestTeamsChannelPage -->
