<?xml version="1.0" encoding="UTF-8"?>
<!-- Generated by org.testng.reporters.JUnitReportReporter -->
<testsuite skipped="0" hostname="MICHAPRU01" name="tests.TestFlowViaTeams" tests="1" failures="0" timestamp="22 Dec 2019 12:52:55 GMT" time="118.778" errors="0">
  <testcase name="createNewFlow" time="118.778" classname="tests.TestFlowViaTeams"/>
</testsuite> <!-- tests.TestFlowViaTeams -->
