<?xml version="1.0" encoding="UTF-8"?>
<!-- Generated by org.testng.reporters.JUnitReportReporter -->
<testsuite skipped="0" hostname="MICHAPRU01" name="tests.TestPlannerViaTeams" tests="1" failures="0" timestamp="29 Dec 2019 08:40:55 GMT" time="70.575" errors="0">
  <testcase name="addPlannerViaTeams" time="70.575" classname="tests.TestPlannerViaTeams"/>
</testsuite> <!-- tests.TestPlannerViaTeams -->
