<?xml version="1.0" encoding="UTF-8"?>
<!-- Generated by org.testng.reporters.JUnitReportReporter -->
<testsuite skipped="0" hostname="MICHAPRU01" name="tests.TestFormViaTeams" tests="1" failures="0" timestamp="14 Jan 2020 14:33:29 GMT" time="74.342" errors="0">
  <testcase name="addFormsViaTeams" time="74.342" classname="tests.TestFormViaTeams"/>
</testsuite> <!-- tests.TestFormViaTeams -->
