<?xml version="1.0" encoding="UTF-8"?>
<!-- Generated by org.testng.reporters.JUnitReportReporter -->
<testsuite skipped="0" hostname="MICHAPRU01" name="tests.TestForms" tests="1" failures="0" timestamp="24 Feb 2020 10:55:25 GMT" time="25.284" errors="0">
  <testcase name="formsMainFunctionality" time="25.284" classname="tests.TestForms"/>
</testsuite> <!-- tests.TestForms -->
