<?xml version="1.0" encoding="UTF-8"?>
<!-- Generated by org.testng.reporters.JUnitReportReporter -->
<testsuite skipped="0" hostname="MICHAPRU01" name="tests.TestSharePoint" tests="1" failures="0" timestamp="31 Dec 2019 11:59:09 GMT" time="49.073" errors="0">
  <testcase name="sendMessageWeb" time="49.073" classname="tests.TestSharePoint"/>
</testsuite> <!-- tests.TestSharePoint -->
