<?xml version="1.0" encoding="UTF-8"?>
<!-- Generated by org.testng.reporters.JUnitReportReporter -->
<testsuite skipped="0" hostname="MICHAPRU01" name="tests.TestForms" tests="1" failures="0" timestamp="27 Jan 2020 10:12:03 GMT" time="51.529" errors="0">
  <testcase name="formsMainFunctionality" time="51.529" classname="tests.TestForms"/>
</testsuite> <!-- tests.TestForms -->
