<?xml version="1.0" encoding="UTF-8"?>
<!-- Generated by org.testng.reporters.JUnitReportReporter -->
<testsuite skipped="0" hostname="MICHAPRU01" name="tests.TestOneNote" tests="2" failures="0" timestamp="02 Jun 2020 11:03:22 GMT" time="91.576" errors="0">
  <testcase name="oneNoteMainFunctionslity" time="55.717" classname="tests.TestOneNote"/>
  <testcase name="oneNoteSyncFunctionality" time="35.859" classname="tests.TestOneNote"/>
</testsuite> <!-- tests.TestOneNote -->
