<?xml version="1.0" encoding="UTF-8"?>
<!-- Generated by org.testng.reporters.JUnitReportReporter -->
<testsuite skipped="0" hostname="MICHAPRU01" name="tests.TestPowerAutomate" tests="1" failures="0" timestamp="14 Jan 2020 14:33:29 GMT" time="64.008" errors="0">
  <testcase name="createNewFlow" time="64.008" classname="tests.TestPowerAutomate"/>
</testsuite> <!-- tests.TestPowerAutomate -->
