<?xml version="1.0" encoding="UTF-8"?>
<!-- Generated by org.testng.reporters.JUnitReportReporter -->
<testsuite skipped="4" hostname="MICHAPRU01" name="tests.TestTeamsChannelPage" tests="7" failures="0" timestamp="27 Feb 2020 08:02:17 GMT" time="203.180" errors="0">
  <testcase name="checkNewTeam" time="60.432" classname="tests.TestTeamsChannelPage"/>
  <testcase name="createNewTeam" time="75.599" classname="tests.TestTeamsChannelPage"/>
  <testcase name="addNewMeeting" time="67.149" classname="tests.TestTeamsChannelPage"/>
  <testcase name="addNewFlow" classname="tests.TestTeamsChannelPage">
    <skipped/>
  </testcase> <!-- addNewFlow -->
  <testcase name="chatAttachmentOneDrive" classname="tests.TestTeamsChannelPage">
    <skipped/>
  </testcase> <!-- chatAttachmentOneDrive -->
  <testcase name="setStatusInTeams" classname="tests.TestTeamsChannelPage">
    <skipped/>
  </testcase> <!-- setStatusInTeams -->
  <testcase name="createNewPrivateTeam" classname="tests.TestTeamsChannelPage">
    <skipped/>
  </testcase> <!-- createNewPrivateTeam -->
</testsuite> <!-- tests.TestTeamsChannelPage -->
