<?xml version="1.0" encoding="UTF-8"?>
<!-- Generated by org.testng.reporters.JUnitReportReporter -->
<testsuite skipped="1" hostname="MICHAPRU01" name="tests.TestOneDrive" tests="3" failures="0" timestamp="17 May 2020 09:01:21 GMT" time="123.886" errors="0">
  <testcase name="uploadNewFolderOneDrive" time="61.289" classname="tests.TestOneDrive"/>
  <testcase name="uploadNewFileOneDrive" time="62.597" classname="tests.TestOneDrive"/>
  <testcase name="createNewExcelWorkbook" classname="tests.TestOneDrive">
    <skipped/>
  </testcase> <!-- createNewExcelWorkbook -->
</testsuite> <!-- tests.TestOneDrive -->
