<?xml version="1.0" encoding="UTF-8"?>
<!-- Generated by org.testng.reporters.JUnitReportReporter -->
<testsuite skipped="0" hostname="MICHAPRU01" name="Pages.TestClass" tests="1" failures="0" timestamp="02 Dec 2019 07:16:16 GMT" time="60.811" errors="0">
  <testcase name="createNewTeam" time="60.811" classname="Pages.TestClass"/>
</testsuite> <!-- Pages.TestClass -->
