<?xml version="1.0" encoding="UTF-8"?>
<!-- Generated by org.testng.reporters.JUnitReportReporter -->
<testsuite skipped="1" hostname="MICHAPRU01" name="tests.TestOneDrive" tests="3" failures="0" timestamp="24 Feb 2020 11:39:03 GMT" time="114.098" errors="0">
  <testcase name="uploadNewFolderOneDrive" time="56.740" classname="tests.TestOneDrive"/>
  <testcase name="uploadNewFileOneDrive" time="57.358" classname="tests.TestOneDrive"/>
  <testcase name="createNewExcelWorkbook" classname="tests.TestOneDrive">
    <skipped/>
  </testcase> <!-- createNewExcelWorkbook -->
</testsuite> <!-- tests.TestOneDrive -->
