<?xml version="1.0" encoding="UTF-8"?>
<!-- Generated by org.testng.reporters.JUnitReportReporter -->
<testsuite skipped="0" hostname="MICHAPRU01" name="tests.TestPlannerViaTeams" tests="1" failures="0" timestamp="19 Dec 2019 10:55:12 GMT" time="64.834" errors="0">
  <testcase name="addPlannerViaTeams" time="64.834" classname="tests.TestPlannerViaTeams"/>
</testsuite> <!-- tests.TestPlannerViaTeams -->
