<?xml version="1.0" encoding="UTF-8"?>
<!-- Generated by org.testng.reporters.JUnitReportReporter -->
<testsuite skipped="0" hostname="MICHAPRU01" name="tests.TestPlannerViaTeams" tests="1" failures="0" timestamp="23 Dec 2019 11:20:06 GMT" time="67.395" errors="0">
  <testcase name="addPlannerViaTeams" time="67.395" classname="tests.TestPlannerViaTeams"/>
</testsuite> <!-- tests.TestPlannerViaTeams -->
