<?xml version="1.0" encoding="UTF-8"?>
<!-- Generated by org.testng.reporters.JUnitReportReporter -->
<testsuite skipped="1" hostname="MICHAPRU01" name="tests.TestOneDrive" tests="3" failures="0" timestamp="14 Jan 2020 14:33:29 GMT" time="112.319" errors="0">
  <testcase name="uploadNewFileOneDrive" time="56.797" classname="tests.TestOneDrive"/>
  <testcase name="uploadNewFolderOneDrive" time="55.522" classname="tests.TestOneDrive"/>
  <testcase name="createNewExcelWorkbook" classname="tests.TestOneDrive">
    <skipped/>
  </testcase> <!-- createNewExcelWorkbook -->
</testsuite> <!-- tests.TestOneDrive -->
