<?xml version="1.0" encoding="UTF-8"?>
<!-- Generated by org.testng.reporters.JUnitReportReporter -->
<testsuite skipped="3" hostname="MICHAPRU01" name="tests.TestTeamsChannelPage" tests="6" failures="0" timestamp="14 Jan 2020 14:33:29 GMT" time="194.608" errors="0">
  <testcase name="createNewTeam" time="75.055" classname="tests.TestTeamsChannelPage"/>
  <testcase name="checkNewTeam" time="57.053" classname="tests.TestTeamsChannelPage"/>
  <testcase name="addNewMeeting" time="62.500" classname="tests.TestTeamsChannelPage"/>
  <testcase name="addNewFlow" classname="tests.TestTeamsChannelPage">
    <skipped/>
  </testcase> <!-- addNewFlow -->
  <testcase name="chatAttachmentOneDrive" classname="tests.TestTeamsChannelPage">
    <skipped/>
  </testcase> <!-- chatAttachmentOneDrive -->
  <testcase name="setStatusInTeams" classname="tests.TestTeamsChannelPage">
    <skipped/>
  </testcase> <!-- setStatusInTeams -->
</testsuite> <!-- tests.TestTeamsChannelPage -->
