<?xml version="1.0" encoding="UTF-8"?>
<!-- Generated by org.testng.reporters.JUnitReportReporter -->
<testsuite skipped="0" hostname="MICHAPRU01" name="desktop.tests.TestOneDriveDesktop" tests="2" failures="0" timestamp="29 Jan 2020 09:34:35 GMT" time="38.492" errors="0">
  <testcase name="checkOneDriveDesktop" time="19.658" classname="desktop.tests.TestOneDriveDesktop"/>
  <testcase name="addEntityToTheOneDriveFolder" time="18.834" classname="desktop.tests.TestOneDriveDesktop"/>
</testsuite> <!-- desktop.tests.TestOneDriveDesktop -->
