<?xml version="1.0" encoding="UTF-8"?>
<!-- Generated by org.testng.reporters.JUnitReportReporter -->
<testsuite skipped="0" hostname="MICHAPRU01" name="tests.TestPlanner" tests="1" failures="0" timestamp="12 Jan 2020 13:03:30 GMT" time="59.491" errors="0">
  <testcase name="creationAndVerificationOfNewPlan" time="59.491" classname="tests.TestPlanner"/>
</testsuite> <!-- tests.TestPlanner -->
