<?xml version="1.0" encoding="UTF-8"?>
<!-- Generated by org.testng.reporters.JUnitReportReporter -->
<testsuite skipped="0" hostname="MICHAPRU01" name="tests.TestForms" tests="1" failures="0" timestamp="05 Jan 2020 12:42:24 GMT" time="50.960" errors="0">
  <testcase name="formsMainFunctionality" time="50.960" classname="tests.TestForms"/>
</testsuite> <!-- tests.TestForms -->
