<?xml version="1.0" encoding="UTF-8"?>
<!-- Generated by org.testng.reporters.JUnitReportReporter -->
<testsuite skipped="4" hostname="MICHAPRU01" name="tests.TestTeamsChannelPage" tests="7" failures="0" timestamp="05 Jan 2020 12:42:24 GMT" time="196.883" errors="0">
  <testcase name="createNewTeam" time="75.549" classname="tests.TestTeamsChannelPage"/>
  <testcase name="checkNewTeam" time="63.373" classname="tests.TestTeamsChannelPage"/>
  <testcase name="addNewMeeting" time="57.961" classname="tests.TestTeamsChannelPage"/>
  <testcase name="addNewFlow" classname="tests.TestTeamsChannelPage">
    <skipped/>
  </testcase> <!-- addNewFlow -->
  <testcase name="addNewTabWeb" classname="tests.TestTeamsChannelPage">
    <skipped/>
  </testcase> <!-- addNewTabWeb -->
  <testcase name="chatAttachmentOneDrive" classname="tests.TestTeamsChannelPage">
    <skipped/>
  </testcase> <!-- chatAttachmentOneDrive -->
  <testcase name="setStatusInTeams" classname="tests.TestTeamsChannelPage">
    <skipped/>
  </testcase> <!-- setStatusInTeams -->
</testsuite> <!-- tests.TestTeamsChannelPage -->
