<?xml version="1.0" encoding="UTF-8"?>
<!-- Generated by org.testng.reporters.JUnitReportReporter -->
<testsuite skipped="0" hostname="MICHAPRU01" name="tests.TestsToDo" tests="1" failures="0" timestamp="19 Dec 2019 10:55:12 GMT" time="48.241" errors="0">
  <testcase name="toDoApp" time="48.241" classname="tests.TestsToDo"/>
</testsuite> <!-- tests.TestsToDo -->
