<?xml version="1.0" encoding="UTF-8"?>
<!-- Generated by org.testng.reporters.JUnitReportReporter -->
<testsuite skipped="0" hostname="MICHAPRU01" name="desktop.tests.TestOutlookDesktop" tests="2" failures="0" timestamp="14 Jan 2020 11:20:48 GMT" time="168.580" errors="0">
  <testcase name="createNewAmdocsMeeting" time="57.306" classname="desktop.tests.TestOutlookDesktop"/>
  <testcase name="checkmeeting" time="111.274" classname="desktop.tests.TestOutlookDesktop"/>
</testsuite> <!-- desktop.tests.TestOutlookDesktop -->
